<?xml version="1.0" encoding="UTF-8"?>
<!-- Generated by org.testng.reporters.JUnitXMLReporter -->
<testsuite ignored="2" hostname="LAPTOP-MKKTLOMD" failures="0" tests="1" name="Default test" time="10.4" errors="0" timestamp="2025-10-11T09:27:36 IST">
  <testcase classname="campaigntest.CreateCampaignTest" name="CreateCampaignwithMandatoryFieldsTest" time="1.61"/>
  <testcase classname="campaigntest.CreateCampaignTest" name="CreateCampaignwithExpectedCloseDateTest" time="0.0">
    <ignored/>
  </testcase> <!-- CreateCampaignwithExpectedCloseDateTest -->
  <testcase classname="campaigntest.CreateCampaignTest" name="CreateCampaignWithStatusTest" time="0.0">
    <ignored/>
  </testcase> <!-- CreateCampaignWithStatusTest -->
</testsuite> <!-- Default test -->
