<?xml version="1.0" encoding="UTF-8"?>
<!-- Generated by org.testng.reporters.JUnitXMLReporter -->
<testsuite ignored="4" hostname="LAPTOP-MKKTLOMD" failures="0" tests="4" name="Test1" time="43.768" errors="0" timestamp="2025-10-04T09:16:49 IST">
  <testcase classname="campaigntest.CreateCampaignTest" name="CreateCampaignWithStatus" time="1.855"/>
  <testcase classname="campaigntest.CreateCampaignTest" name="CreateCampaignwithExpectedCloseDate" time="1.69"/>
  <testcase classname="campaigntest.CreateCampaignTest" name="CreateCampaignwithMandatoryFields" time="1.165"/>
  <testcase classname="contacttest.CreateContactTest" name="createContactWithMandatoryFields" time="4.512"/>
  <testcase classname="genericutility.BaseClass" name="@BeforeSuite beforeSuite" time="0.0">
    <ignored/>
  </testcase> <!-- @BeforeSuite beforeSuite -->
  <testcase classname="genericutility.BaseClass" name="@BeforeTest beforeTest" time="0.0">
    <ignored/>
  </testcase> <!-- @BeforeTest beforeTest -->
  <testcase classname="genericutility.BaseClass" name="@AfterTest afterTest" time="0.0">
    <ignored/>
  </testcase> <!-- @AfterTest afterTest -->
  <testcase classname="genericutility.BaseClass" name="@AfterSuite afterSuite" time="0.0">
    <ignored/>
  </testcase> <!-- @AfterSuite afterSuite -->
</testsuite> <!-- Test1 -->
