<?xml version="1.0" encoding="UTF-8"?>
<testng-results ignored="0" total="1" passed="1" failed="0" skipped="0">
  <reporter-output>
  </reporter-output>
  <suite started-at="2025-10-11T09:27:26 IST" name="Default suite" finished-at="2025-10-11T09:27:36 IST" duration-ms="10400">
    <groups>
      <group name="regression">
        <method signature="CreateCampaignTest.CreateCampaignwithMandatoryFieldsTest()[pri:0, instance:campaigntest.CreateCampaignTest@38425407]" name="CreateCampaignwithMandatoryFieldsTest" class="campaigntest.CreateCampaignTest"/>
      </group> <!-- regression -->
      <group name="smoke">
        <method signature="CreateCampaignTest.CreateCampaignwithMandatoryFieldsTest()[pri:0, instance:campaigntest.CreateCampaignTest@38425407]" name="CreateCampaignwithMandatoryFieldsTest" class="campaigntest.CreateCampaignTest"/>
      </group> <!-- smoke -->
    </groups>
    <test started-at="2025-10-11T09:27:26 IST" name="Default test" finished-at="2025-10-11T09:27:36 IST" duration-ms="10400">
      <class name="campaigntest.CreateCampaignTest">
        <test-method is-config="true" signature="beforeSuite()[pri:0, instance:campaigntest.CreateCampaignTest@38425407]" started-at="2025-10-11T09:27:26 IST" name="beforeSuite" finished-at="2025-10-11T09:27:26 IST" duration-ms="9" status="PASS">
          <reporter-output>
          </reporter-output>
        </test-method> <!-- beforeSuite -->
        <test-method is-config="true" signature="beforeTest()[pri:0, instance:campaigntest.CreateCampaignTest@38425407]" started-at="2025-10-11T09:27:26 IST" name="beforeTest" finished-at="2025-10-11T09:27:26 IST" duration-ms="0" status="PASS">
          <reporter-output>
          </reporter-output>
        </test-method> <!-- beforeTest -->
        <test-method is-config="true" signature="beforeClass()[pri:0, instance:campaigntest.CreateCampaignTest@38425407]" started-at="2025-10-11T09:27:26 IST" name="beforeClass" finished-at="2025-10-11T09:27:27 IST" duration-ms="1267" status="PASS">
          <reporter-output>
          </reporter-output>
        </test-method> <!-- beforeClass -->
        <test-method is-config="true" signature="beforeMethod()[pri:0, instance:campaigntest.CreateCampaignTest@38425407]" started-at="2025-10-11T09:27:27 IST" name="beforeMethod" finished-at="2025-10-11T09:27:32 IST" duration-ms="4838" status="PASS">
          <reporter-output>
          </reporter-output>
        </test-method> <!-- beforeMethod -->
        <test-method signature="CreateCampaignwithMandatoryFieldsTest()[pri:0, instance:campaigntest.CreateCampaignTest@38425407]" started-at="2025-10-11T09:27:32 IST" name="CreateCampaignwithMandatoryFieldsTest" finished-at="2025-10-11T09:27:34 IST" duration-ms="1610" status="PASS">
          <reporter-output>
          </reporter-output>
        </test-method> <!-- CreateCampaignwithMandatoryFieldsTest -->
        <test-method is-config="true" signature="afterMethod()[pri:0, instance:campaigntest.CreateCampaignTest@38425407]" started-at="2025-10-11T09:27:34 IST" name="afterMethod" finished-at="2025-10-11T09:27:36 IST" duration-ms="2412" status="PASS">
          <reporter-output>
          </reporter-output>
        </test-method> <!-- afterMethod -->
        <test-method is-config="true" signature="afterClass()[pri:0, instance:campaigntest.CreateCampaignTest@38425407]" started-at="2025-10-11T09:27:36 IST" name="afterClass" finished-at="2025-10-11T09:27:36 IST" duration-ms="226" status="PASS">
          <reporter-output>
          </reporter-output>
        </test-method> <!-- afterClass -->
        <test-method is-config="true" signature="afterTest()[pri:0, instance:campaigntest.CreateCampaignTest@38425407]" started-at="2025-10-11T09:27:36 IST" name="afterTest" finished-at="2025-10-11T09:27:36 IST" duration-ms="1" status="PASS">
          <reporter-output>
          </reporter-output>
        </test-method> <!-- afterTest -->
        <test-method is-config="true" signature="afterSuite()[pri:0, instance:campaigntest.CreateCampaignTest@38425407]" started-at="2025-10-11T09:27:36 IST" name="afterSuite" finished-at="2025-10-11T09:27:36 IST" duration-ms="0" status="PASS">
          <reporter-output>
          </reporter-output>
        </test-method> <!-- afterSuite -->
      </class> <!-- campaigntest.CreateCampaignTest -->
    </test> <!-- Default test -->
  </suite> <!-- Default suite -->
</testng-results>
